<?xml version="1.0" encoding="UTF-8"?>
<robot generator="Robot 6.1.1 (Python 3.11.4 on darwin)" generated="20231004 14:22:05.946" rpa="false" schemaversion="4">
<suite id="s1" name="FrontIdCard" source="/Users/pinpinn/rpa-automation/Testcases/FrontIdCard.robot">
<test id="s1-t1" name="TS-001 Verify Upload Document Page" line="10">
<kw name="Open Browser And Sign In With Username And Password" library="LoginKeyword">
<arg>${username1}</arg>
<arg>${password1}</arg>
<kw name="Evaluate" library="BuiltIn">
<var>${chrome_options}</var>
<arg>sys.modules['selenium.webdriver'].ChromeOptions()</arg>
<arg>sys, selenium.webdriver</arg>
<doc>Evaluates the given expression in Python and returns the result.</doc>
<msg timestamp="20231004 14:22:06.204" level="INFO">${chrome_options} = &lt;selenium.webdriver.chrome.options.Options object at 0x10312ff10&gt;</msg>
<status status="PASS" starttime="20231004 14:22:06.204" endtime="20231004 14:22:06.204"/>
</kw>
<kw name="Call Method" library="BuiltIn">
<arg>${chrome_options}</arg>
<arg>add_argument</arg>
<arg>--disable-extensions</arg>
<doc>Calls the named method of the given object with the provided arguments.</doc>
<status status="PASS" starttime="20231004 14:22:06.204" endtime="20231004 14:22:06.204"/>
</kw>
<kw name="Call Method" library="BuiltIn">
<arg>${chrome_options}</arg>
<arg>add_argument</arg>
<arg>--disable-popup-blocking</arg>
<doc>Calls the named method of the given object with the provided arguments.</doc>
<status status="PASS" starttime="20231004 14:22:06.204" endtime="20231004 14:22:06.204"/>
</kw>
<kw name="Call Method" library="BuiltIn">
<arg>${chrome_options}</arg>
<arg>add_argument</arg>
<arg>--start-maximized</arg>
<doc>Calls the named method of the given object with the provided arguments.</doc>
<status status="PASS" starttime="20231004 14:22:06.204" endtime="20231004 14:22:06.205"/>
</kw>
<kw name="Create Dictionary" library="BuiltIn">
<var>${chrome_prefs}</var>
<doc>Creates and returns a dictionary based on the given ``items``.</doc>
<msg timestamp="20231004 14:22:06.205" level="INFO">${chrome_prefs} = {}</msg>
<status status="PASS" starttime="20231004 14:22:06.205" endtime="20231004 14:22:06.205"/>
</kw>
<kw name="Set To Dictionary" library="Collections">
<arg>${chrome_prefs}</arg>
<arg>download.default_directory</arg>
<arg>${EXECDIR}/assets</arg>
<doc>Adds the given ``key_value_pairs`` and/or ``items`` to the ``dictionary``.</doc>
<status status="PASS" starttime="20231004 14:22:06.205" endtime="20231004 14:22:06.205"/>
</kw>
<kw name="Call Method" library="BuiltIn">
<arg>${chrome_options}</arg>
<arg>add_experimental_option</arg>
<arg>prefs</arg>
<arg>${chrome_prefs}</arg>
<doc>Calls the named method of the given object with the provided arguments.</doc>
<status status="PASS" starttime="20231004 14:22:06.205" endtime="20231004 14:22:06.205"/>
</kw>
<kw name="Open Browser" library="SeleniumLibrary">
<arg>${url}</arg>
<arg>browser=chrome</arg>
<arg>options=${chrome_options}</arg>
<doc>Opens a new browser instance to the optional ``url``.</doc>
<msg timestamp="20231004 14:22:06.205" level="INFO">Opening browser 'chrome' to base url 'https://documate-sit.appman.co.th/'.</msg>
<status status="PASS" starttime="20231004 14:22:06.205" endtime="20231004 14:22:09.728"/>
</kw>
<kw name="Set Window Position" library="SeleniumLibrary">
<arg>0</arg>
<arg>0</arg>
<doc>Sets window position using ``x`` and ``y`` coordinates.</doc>
<status status="PASS" starttime="20231004 14:22:09.729" endtime="20231004 14:22:10.322"/>
</kw>
<kw name="Maximize Browser Window" library="SeleniumLibrary">
<doc>Maximizes current browser window.</doc>
<status status="PASS" starttime="20231004 14:22:10.322" endtime="20231004 14:22:10.746"/>
</kw>
<kw name="Enter Username" library="LoginPage">
<arg>${username}</arg>
<kw name="Wait Until Element Is Visible" library="SeleniumLibrary">
<arg>${username}</arg>
<arg>10s</arg>
<doc>Waits until the element ``locator`` is visible.</doc>
<status status="PASS" starttime="20231004 14:22:10.747" endtime="20231004 14:22:12.457"/>
</kw>
<kw name="Input Text" library="SeleniumLibrary">
<arg>${username}</arg>
<arg>${value}</arg>
<doc>Types the given ``text`` into the text field identified by ``locator``.</doc>
<msg timestamp="20231004 14:22:12.457" level="INFO">Typing text 'contact@appman.co.th' into text field '//*[@name="username"]'.</msg>
<status status="PASS" starttime="20231004 14:22:12.457" endtime="20231004 14:22:12.536"/>
</kw>
<status status="PASS" starttime="20231004 14:22:10.746" endtime="20231004 14:22:12.536"/>
</kw>
<kw name="Enter Password" library="LoginPage">
<arg>${password}</arg>
<kw name="Wait Until Element Is Visible" library="SeleniumLibrary">
<arg>${password}</arg>
<arg>10s</arg>
<doc>Waits until the element ``locator`` is visible.</doc>
<status status="PASS" starttime="20231004 14:22:12.536" endtime="20231004 14:22:12.545"/>
</kw>
<kw name="Input Text" library="SeleniumLibrary">
<arg>${password}</arg>
<arg>${value}</arg>
<doc>Types the given ``text`` into the text field identified by ``locator``.</doc>
<msg timestamp="20231004 14:22:12.546" level="INFO">Typing text 'documate1234@Appman' into text field '//*[@name="password"]'.</msg>
<status status="PASS" starttime="20231004 14:22:12.545" endtime="20231004 14:22:12.582"/>
</kw>
<status status="PASS" starttime="20231004 14:22:12.536" endtime="20231004 14:22:12.582"/>
</kw>
<kw name="Click Sign In Button" library="LoginPage">
<kw name="Run Until Keyword Succeed" library="Utils">
<arg>Click Element</arg>
<arg>${signInBtn}</arg>
<doc>Run keyword until it succeeds or timeout is reached</doc>
<kw name="Wait Until Keyword Succeeds" library="BuiltIn">
<arg>10s</arg>
<arg>1s</arg>
<arg>${keyword}</arg>
<arg>${args}</arg>
<doc>Runs the specified keyword and retries if it fails.</doc>
<kw name="Click Element" library="SeleniumLibrary">
<arg>${args}</arg>
<doc>Click the element identified by ``locator``.</doc>
<msg timestamp="20231004 14:22:12.584" level="INFO">Clicking element '//body/div[@id='root']/div[1]/div[1]/div[2]/div[1]/form[1]/button[1]'.</msg>
<status status="PASS" starttime="20231004 14:22:12.584" endtime="20231004 14:22:12.613"/>
</kw>
<status status="PASS" starttime="20231004 14:22:12.582" endtime="20231004 14:22:12.613"/>
</kw>
<status status="PASS" starttime="20231004 14:22:12.582" endtime="20231004 14:22:12.613"/>
</kw>
<status status="PASS" starttime="20231004 14:22:12.582" endtime="20231004 14:22:12.613"/>
</kw>
<status status="PASS" starttime="20231004 14:22:06.204" endtime="20231004 14:22:12.613"/>
</kw>
<kw name="Preview And Edit Truck Registration OCR Then Check Excel File" library="FrontIdCardEditorKeyword">
<kw name="Click Download Excel" library="UploadDocumentPage">
<kw name="Wait Until Element Is Enabled" library="SeleniumLibrary">
<arg>${optionButton}</arg>
<arg>30s</arg>
<doc>Waits until the element ``locator`` is enabled.</doc>
<status status="PASS" starttime="20231004 14:22:12.614" endtime="20231004 14:22:19.912"/>
</kw>
<kw name="Click Element" library="SeleniumLibrary">
<arg>${optionButton}</arg>
<doc>Click the element identified by ``locator``.</doc>
<msg timestamp="20231004 14:22:19.912" level="INFO">Clicking element '//tbody/tr[1]/td[7]/div[1]/button[2]/*[1]'.</msg>
<status status="PASS" starttime="20231004 14:22:19.912" endtime="20231004 14:22:20.189"/>
</kw>
<kw name="Run Until Keyword Succeed" library="Utils">
<arg>Click Element</arg>
<arg>${downloadToExcelButton}</arg>
<doc>Run keyword until it succeeds or timeout is reached</doc>
<kw name="Wait Until Keyword Succeeds" library="BuiltIn">
<arg>10s</arg>
<arg>1s</arg>
<arg>${keyword}</arg>
<arg>${args}</arg>
<doc>Runs the specified keyword and retries if it fails.</doc>
<kw name="Click Element" library="SeleniumLibrary">
<arg>${args}</arg>
<doc>Click the element identified by ``locator``.</doc>
<msg timestamp="20231004 14:22:20.191" level="INFO">Clicking element '//p[contains(text(),'Download Excel')]'.</msg>
<status status="PASS" starttime="20231004 14:22:20.191" endtime="20231004 14:22:20.211"/>
</kw>
<status status="PASS" starttime="20231004 14:22:20.189" endtime="20231004 14:22:20.211"/>
</kw>
<status status="PASS" starttime="20231004 14:22:20.189" endtime="20231004 14:22:20.211"/>
</kw>
<kw name="Sleep" library="BuiltIn">
<arg>10s</arg>
<doc>Pauses the test executed for the given time.</doc>
<msg timestamp="20231004 14:22:30.213" level="INFO">Slept 10 seconds</msg>
<status status="PASS" starttime="20231004 14:22:20.211" endtime="20231004 14:22:30.213"/>
</kw>
<status status="PASS" starttime="20231004 14:22:12.613" endtime="20231004 14:22:30.213"/>
</kw>
<kw name="Check The Truck Registration Excel File" library="FrontIdCardPage">
<kw name="Join Path" library="OperatingSystem">
<var>${assets_path}</var>
<arg>${EXECDIR}</arg>
<arg>assets</arg>
<doc>Joins the given path part(s) to the given base path.</doc>
<msg timestamp="20231004 14:22:30.213" level="INFO">${assets_path} = /Users/pinpinn/rpa-automation/assets</msg>
<status status="PASS" starttime="20231004 14:22:30.213" endtime="20231004 14:22:30.213"/>
</kw>
<kw name="List Files In Directory" library="OperatingSystem">
<var>${files}</var>
<arg>${assets_path}</arg>
<arg>pattern=thailand_id_card_ocr_front-*.xlsx</arg>
<doc>Wrapper for `List Directory` that returns only files.</doc>
<msg timestamp="20231004 14:22:30.213" level="INFO" html="true">Listing contents of directory '&lt;a href="file:///Users/pinpinn/rpa-automation/assets"&gt;/Users/pinpinn/rpa-automation/assets&lt;/a&gt;'.</msg>
<msg timestamp="20231004 14:22:30.214" level="INFO">2 files:
thailand_id_card_ocr_front-1696395545 (1).xlsx
thailand_id_card_ocr_front-1696395545.xlsx</msg>
<msg timestamp="20231004 14:22:30.214" level="INFO">${files} = ['thailand_id_card_ocr_front-1696395545 (1).xlsx', 'thailand_id_card_ocr_front-1696395545.xlsx']</msg>
<status status="PASS" starttime="20231004 14:22:30.213" endtime="20231004 14:22:30.214"/>
</kw>
<kw name="Log To Console" library="BuiltIn">
<arg>${files}[0]</arg>
<doc>Logs the given message to the console.</doc>
<status status="PASS" starttime="20231004 14:22:30.214" endtime="20231004 14:22:30.214"/>
</kw>
<kw name="Create List" library="BuiltIn">
<var>${correctDataList}</var>
<arg>{"sheet": "SheetName","data":{'วันจดทะเบียน': '31 ธันวาคม 2558', 'เลขทะเบียน': '15-9554', 'จังหวัด': 'กรุงเทพมหานคร', 'ชนิดเชื้อเพลิง': 'ชนิดเชื้อเพลิง แก๊สNGV', 'ประเภท': 'รถโดยสาร ประจำทาง', 'ลักษณะ/มาตราฐาน': 'ม.2 (ข)', 'ยี่ห้อรถ': 'HIGER', 'แบบ/รุ่น': 'UDB4RDRE2GEWDDER-C', 'สี': 'Thปิ่น-_-1234$#;&gt;?', 'เลขตัวรถ': 'JN1UB4E26Z0000000', 'ตำแหน่งเลขตัวรถ': 'หน้าขวา', 'ยี่ห้อเครื่องยนต์': 'HIGER', 'เลขเครื่องยนต์': 'QR25-518994Q', 'ตำแหน่งเลขเครื่องยนต์': 'ท้ายเครื่อง', 'จำนวนเลขเครื่องยนต์': ';&gt;?Thนภ-_-1234$#', 'แรงม้า': '2 เพลา 4 ล้อ ยาง 6 เส้น', 'น้ำหนักรถ': 12400, 'จำนวนผู้ที่นั่งโดยสาร': 31, 'จำนวนที่ยืนผู้โดยสาร': 33, 'น้ำหนักบรรทุกหรือน้ำหนักลงเพลา': ';&gt;?Enปิ่น-_-1234$#', 'น้ำหนักรวม (กก.)': ';&gt;?Enนภ-_-1234$#'}}</arg>
<doc>Returns a list containing given items.</doc>
<msg timestamp="20231004 14:22:30.215" level="INFO">${correctDataList} = ['{"sheet": "SheetName","data":{\'วันจดทะเบียน\': \'31 ธันวาคม 2558\', \'เลขทะเบียน\': \'15-9554\', \'จังหวัด\': \'กรุงเทพมหานคร\', \'ชนิดเชื้อเพลิง\': \'ชนิดเชื้อเพลิง แก๊สNGV\', \'ประเภท\': \'รถโดยส...</msg>
<status status="PASS" starttime="20231004 14:22:30.214" endtime="20231004 14:22:30.215"/>
</kw>
<kw name="Compare" library="functions">
<var>${compare}</var>
<arg>${correctDataList}</arg>
<arg>${EXECDIR}/assets/${files}[0]</arg>
<msg timestamp="20231004 14:22:30.283" level="INFO">${compare} = False</msg>
<status status="PASS" starttime="20231004 14:22:30.215" endtime="20231004 14:22:30.283"/>
</kw>
<kw name="Should Be True" library="BuiltIn">
<arg>${compare}</arg>
<doc>Fails if the given condition is not true.</doc>
<msg timestamp="20231004 14:22:30.284" level="FAIL">'False' should be true.</msg>
<status status="FAIL" starttime="20231004 14:22:30.284" endtime="20231004 14:22:30.284"/>
</kw>
<status status="FAIL" starttime="20231004 14:22:30.213" endtime="20231004 14:22:30.284"/>
</kw>
<status status="FAIL" starttime="20231004 14:22:12.613" endtime="20231004 14:22:30.284"/>
</kw>
<status status="FAIL" starttime="20231004 14:22:06.203" endtime="20231004 14:22:30.284">'False' should be true.</status>
</test>
<status status="FAIL" starttime="20231004 14:22:05.947" endtime="20231004 14:22:30.284"/>
</suite>
<statistics>
<total>
<stat pass="0" fail="1" skip="0">All Tests</stat>
</total>
<tag>
</tag>
<suite>
<stat pass="0" fail="1" skip="0" id="s1" name="FrontIdCard">FrontIdCard</stat>
</suite>
</statistics>
<errors>
</errors>
</robot>
